2020-04-07 18:11:24,526 DEBUG [main] o.s.c.e.StandardEnvironment [MutablePropertySources.java:106] Adding PropertySource 'systemProperties' with lowest search precedence
2020-04-07 18:11:24,532 DEBUG [main] o.s.c.e.StandardEnvironment [MutablePropertySources.java:106] Adding PropertySource 'systemEnvironment' with lowest search precedence
2020-04-07 18:11:24,533 DEBUG [main] o.s.c.e.StandardEnvironment [AbstractEnvironment.java:124] Initialized StandardEnvironment with PropertySources [MapPropertySource@600746945 {name='systemProperties', properties={java.runtime.name=Java(TM) SE Runtime Environment, sun.boot.library.path=C:\Program Files\Java\jdk1.8.0_241\jre\bin, java.vm.version=25.241-b07, java.vm.vendor=Oracle Corporation, java.vendor.url=http://java.oracle.com/, path.separator=;, java.vm.name=Java HotSpot(TM) 64-Bit Server VM, file.encoding.pkg=sun.io, user.country=US, user.script=, sun.java.launcher=SUN_STANDARD, sun.os.patch.level=, java.vm.specification.name=Java Virtual Machine Specification, user.dir=C:\Users\Priyal\IdeaProjects\spring-aop-example, java.runtime.version=1.8.0_241-b07, java.awt.graphicsenv=sun.awt.Win32GraphicsEnvironment, java.endorsed.dirs=C:\Program Files\Java\jdk1.8.0_241\jre\lib\endorsed, os.arch=amd64, java.io.tmpdir=C:\Users\Priyal\AppData\Local\Temp\, line.separator=
, java.vm.specification.vendor=Oracle Corporation, user.variant=, os.name=Windows 10, sun.jnu.encoding=Cp1252, java.library.path=C:\Program Files\Java\jdk1.8.0_241\bin;C:\WINDOWS\Sun\Java\bin;C:\WINDOWS\system32;C:\WINDOWS;C:\Program Files (x86)\Common Files\Oracle\Java\javapath;C:\Program Files (x86)\Intel\iCLS Client\;C:\Program Files\Intel\iCLS Client\;C:\WINDOWS\system32;C:\WINDOWS;C:\WINDOWS\System32\Wbem;C:\WINDOWS\System32\WindowsPowerShell\v1.0\;C:\Program Files (x86)\Intel\Intel(R) Management Engine Components\DAL;C:\Program Files\Intel\Intel(R) Management Engine Components\DAL;C:\Program Files (x86)\Intel\Intel(R) Management Engine Components\IPT;C:\Program Files\Intel\Intel(R) Management Engine Components\IPT;C:\WINDOWS\System32\OpenSSH\;C:\Users\Priyal\AppData\Local\Microsoft\WindowsApps;;C:\Program Files\JetBrains\IntelliJ IDEA 2019.3.3\bin;;., java.specification.name=Java Platform API Specification, java.class.version=52.0, sun.management.compiler=HotSpot 64-Bit Tiered Compilers, os.version=10.0, user.home=C:\Users\Priyal, user.timezone=America/New_York, java.awt.printerjob=sun.awt.windows.WPrinterJob, file.encoding=UTF-8, java.specification.version=1.8, java.class.path=C:\Program Files\Java\jdk1.8.0_241\jre\lib\charsets.jar;C:\Program Files\Java\jdk1.8.0_241\jre\lib\deploy.jar;C:\Program Files\Java\jdk1.8.0_241\jre\lib\ext\access-bridge-64.jar;C:\Program Files\Java\jdk1.8.0_241\jre\lib\ext\cldrdata.jar;C:\Program Files\Java\jdk1.8.0_241\jre\lib\ext\dnsns.jar;C:\Program Files\Java\jdk1.8.0_241\jre\lib\ext\jaccess.jar;C:\Program Files\Java\jdk1.8.0_241\jre\lib\ext\jfxrt.jar;C:\Program Files\Java\jdk1.8.0_241\jre\lib\ext\localedata.jar;C:\Program Files\Java\jdk1.8.0_241\jre\lib\ext\nashorn.jar;C:\Program Files\Java\jdk1.8.0_241\jre\lib\ext\sunec.jar;C:\Program Files\Java\jdk1.8.0_241\jre\lib\ext\sunjce_provider.jar;C:\Program Files\Java\jdk1.8.0_241\jre\lib\ext\sunmscapi.jar;C:\Program Files\Java\jdk1.8.0_241\jre\lib\ext\sunpkcs11.jar;C:\Program Files\Java\jdk1.8.0_241\jre\lib\ext\zipfs.jar;C:\Program Files\Java\jdk1.8.0_241\jre\lib\javaws.jar;C:\Program Files\Java\jdk1.8.0_241\jre\lib\jce.jar;C:\Program Files\Java\jdk1.8.0_241\jre\lib\jfr.jar;C:\Program Files\Java\jdk1.8.0_241\jre\lib\jfxswt.jar;C:\Program Files\Java\jdk1.8.0_241\jre\lib\jsse.jar;C:\Program Files\Java\jdk1.8.0_241\jre\lib\management-agent.jar;C:\Program Files\Java\jdk1.8.0_241\jre\lib\plugin.jar;C:\Program Files\Java\jdk1.8.0_241\jre\lib\resources.jar;C:\Program Files\Java\jdk1.8.0_241\jre\lib\rt.jar;C:\Users\Priyal\IdeaProjects\spring-aop-example\target\classes;C:\Users\Priyal\.m2\repository\org\springframework\spring-context\4.3.17.RELEASE\spring-context-4.3.17.RELEASE.jar;C:\Users\Priyal\.m2\repository\org\springframework\spring-aop\4.3.17.RELEASE\spring-aop-4.3.17.RELEASE.jar;C:\Users\Priyal\.m2\repository\org\springframework\spring-beans\4.3.17.RELEASE\spring-beans-4.3.17.RELEASE.jar;C:\Users\Priyal\.m2\repository\org\springframework\spring-core\4.3.17.RELEASE\spring-core-4.3.17.RELEASE.jar;C:\Users\Priyal\.m2\repository\org\springframework\spring-expression\4.3.17.RELEASE\spring-expression-4.3.17.RELEASE.jar;C:\Users\Priyal\.m2\repository\javax\inject\javax.inject\1\javax.inject-1.jar;C:\Users\Priyal\.m2\repository\org\slf4j\jcl-over-slf4j\1.7.25\jcl-over-slf4j-1.7.25.jar;C:\Users\Priyal\.m2\repository\org\slf4j\slf4j-api\1.7.25\slf4j-api-1.7.25.jar;C:\Users\Priyal\.m2\repository\org\aspectj\aspectjweaver\1.9.1\aspectjweaver-1.9.1.jar;C:\Users\Priyal\.m2\repository\ch\qos\logback\logback-classic\1.2.3\logback-classic-1.2.3.jar;C:\Users\Priyal\.m2\repository\ch\qos\logback\logback-core\1.2.3\logback-core-1.2.3.jar;C:\Program Files\JetBrains\IntelliJ IDEA 2019.3.3\lib\idea_rt.jar, user.name=Priyal, java.vm.specification.version=1.8, sun.java.command=org.learn.java.Application, java.home=C:\Program Files\Java\jdk1.8.0_241\jre, sun.arch.data.model=64, user.language=en, java.specification.vendor=Oracle Corporation, awt.toolkit=sun.awt.windows.WToolkit, java.vm.info=mixed mode, java.version=1.8.0_241, java.ext.dirs=C:\Program Files\Java\jdk1.8.0_241\jre\lib\ext;C:\WINDOWS\Sun\Java\lib\ext, sun.boot.class.path=C:\Program Files\Java\jdk1.8.0_241\jre\lib\resources.jar;C:\Program Files\Java\jdk1.8.0_241\jre\lib\rt.jar;C:\Program Files\Java\jdk1.8.0_241\jre\lib\sunrsasign.jar;C:\Program Files\Java\jdk1.8.0_241\jre\lib\jsse.jar;C:\Program Files\Java\jdk1.8.0_241\jre\lib\jce.jar;C:\Program Files\Java\jdk1.8.0_241\jre\lib\charsets.jar;C:\Program Files\Java\jdk1.8.0_241\jre\lib\jfr.jar;C:\Program Files\Java\jdk1.8.0_241\jre\classes, java.vendor=Oracle Corporation, file.separator=\, java.vendor.url.bug=http://bugreport.sun.com/bugreport/, sun.io.unicode.encoding=UnicodeLittle, sun.cpu.endian=little, sun.desktop=windows, sun.cpu.isalist=amd64}}, SystemEnvironmentPropertySource@1566502717 {name='systemEnvironment', properties={USERDOMAIN_ROAMINGPROFILE=DESKTOP-6N5698H, LOCALAPPDATA=C:\Users\Priyal\AppData\Local, PROCESSOR_LEVEL=6, IntelliJ IDEA=C:\Program Files\JetBrains\IntelliJ IDEA 2019.3.3\bin;, USERDOMAIN=DESKTOP-6N5698H, FPS_BROWSER_APP_PROFILE_STRING=Internet Explorer, LOGONSERVER=\\DESKTOP-6N5698H, SESSIONNAME=Console, ALLUSERSPROFILE=C:\ProgramData, PROCESSOR_ARCHITECTURE=AMD64, PSModulePath=C:\Program Files\WindowsPowerShell\Modules;C:\WINDOWS\system32\WindowsPowerShell\v1.0\Modules, SystemDrive=C:, OneDrive=C:\Users\Priyal\OneDrive, APPDATA=C:\Users\Priyal\AppData\Roaming, USERNAME=Priyal, ProgramFiles(x86)=C:\Program Files (x86), CommonProgramFiles=C:\Program Files\Common Files, Path=C:\Program Files (x86)\Common Files\Oracle\Java\javapath;C:\Program Files (x86)\Intel\iCLS Client\;C:\Program Files\Intel\iCLS Client\;C:\WINDOWS\system32;C:\WINDOWS;C:\WINDOWS\System32\Wbem;C:\WINDOWS\System32\WindowsPowerShell\v1.0\;C:\Program Files (x86)\Intel\Intel(R) Management Engine Components\DAL;C:\Program Files\Intel\Intel(R) Management Engine Components\DAL;C:\Program Files (x86)\Intel\Intel(R) Management Engine Components\IPT;C:\Program Files\Intel\Intel(R) Management Engine Components\IPT;C:\WINDOWS\System32\OpenSSH\;C:\Users\Priyal\AppData\Local\Microsoft\WindowsApps;;C:\Program Files\JetBrains\IntelliJ IDEA 2019.3.3\bin;, FPS_BROWSER_USER_PROFILE_STRING=Default, PATHEXT=.COM;.EXE;.BAT;.CMD;.VBS;.VBE;.JS;.JSE;.WSF;.WSH;.MSC, DriverData=C:\Windows\System32\Drivers\DriverData, OS=Windows_NT, COMPUTERNAME=DESKTOP-6N5698H, PROCESSOR_REVISION=8e09, CommonProgramW6432=C:\Program Files\Common Files, ComSpec=C:\WINDOWS\system32\cmd.exe, ProgramData=C:\ProgramData, ProgramW6432=C:\Program Files, HOMEPATH=\Users\Priyal, SystemRoot=C:\WINDOWS, TEMP=C:\Users\Priyal\AppData\Local\Temp, HOMEDRIVE=C:, PROCESSOR_IDENTIFIER=Intel64 Family 6 Model 142 Stepping 9, GenuineIntel, USERPROFILE=C:\Users\Priyal, TMP=C:\Users\Priyal\AppData\Local\Temp, CommonProgramFiles(x86)=C:\Program Files (x86)\Common Files, ProgramFiles=C:\Program Files, PUBLIC=C:\Users\Public, NUMBER_OF_PROCESSORS=4, windir=C:\WINDOWS, =::=::\, IDEA_INITIAL_DIRECTORY=C:\Program Files\JetBrains\IntelliJ IDEA 2019.3.3\bin}}]
2020-04-07 18:11:24,600 DEBUG [main] o.s.c.a.ClassPathBeanDefinitionScanner [ClassPathScanningCandidateComponentProvider.java:197] JSR-330 'javax.inject.Named' annotation found and supported for component scanning
2020-04-07 18:11:24,707 INFO [main] o.s.c.a.AnnotationConfigApplicationContext [AbstractApplicationContext.java:583] Refreshing org.springframework.context.annotation.AnnotationConfigApplicationContext@35bbe5e8: startup date [Tue Apr 07 18:11:24 EDT 2020]; root of context hierarchy
2020-04-07 18:11:24,707 DEBUG [main] o.s.c.a.AnnotationConfigApplicationContext [AbstractApplicationContext.java:617] Bean factory for org.springframework.context.annotation.AnnotationConfigApplicationContext@35bbe5e8: org.springframework.beans.factory.support.DefaultListableBeanFactory@50b494a6: defining beans [org.springframework.context.annotation.internalConfigurationAnnotationProcessor,org.springframework.context.annotation.internalAutowiredAnnotationProcessor,org.springframework.context.annotation.internalRequiredAnnotationProcessor,org.springframework.context.annotation.internalCommonAnnotationProcessor,org.springframework.context.event.internalEventListenerProcessor,org.springframework.context.event.internalEventListenerFactory,springConfig]; root of factory hierarchy
2020-04-07 18:11:24,756 DEBUG [main] o.s.b.f.s.DefaultListableBeanFactory [DefaultSingletonBeanRegistry.java:221] Creating shared instance of singleton bean 'org.springframework.context.annotation.internalConfigurationAnnotationProcessor'
2020-04-07 18:11:24,756 DEBUG [main] o.s.b.f.s.DefaultListableBeanFactory [AbstractAutowireCapableBeanFactory.java:449] Creating instance of bean 'org.springframework.context.annotation.internalConfigurationAnnotationProcessor'
2020-04-07 18:11:24,826 DEBUG [main] o.s.b.f.s.DefaultListableBeanFactory [AbstractAutowireCapableBeanFactory.java:539] Eagerly caching bean 'org.springframework.context.annotation.internalConfigurationAnnotationProcessor' to allow for resolving potential circular references
2020-04-07 18:11:24,830 DEBUG [main] o.s.b.f.s.DefaultListableBeanFactory [AbstractAutowireCapableBeanFactory.java:485] Finished creating instance of bean 'org.springframework.context.annotation.internalConfigurationAnnotationProcessor'
2020-04-07 18:11:24,884 DEBUG [main] o.s.c.a.ClassPathBeanDefinitionScanner [ClassPathScanningCandidateComponentProvider.java:197] JSR-330 'javax.inject.Named' annotation found and supported for component scanning
2020-04-07 18:11:24,894 DEBUG [main] o.s.c.i.s.PathMatchingResourcePatternResolver [PathMatchingResourcePatternResolver.java:318] Resolved classpath location [org/learn/] to resources [URL [file:/C:/Users/Priyal/IdeaProjects/spring-aop-example/target/classes/org/learn/]]
2020-04-07 18:11:24,894 DEBUG [main] o.s.c.i.s.PathMatchingResourcePatternResolver [PathMatchingResourcePatternResolver.java:741] Looking for matching resources in directory tree [C:\Users\Priyal\IdeaProjects\spring-aop-example\target\classes\org\learn]
2020-04-07 18:11:24,898 DEBUG [main] o.s.c.i.s.PathMatchingResourcePatternResolver [PathMatchingResourcePatternResolver.java:803] Searching directory [C:\Users\Priyal\IdeaProjects\spring-aop-example\target\classes\org\learn] for files matching pattern [C:/Users/Priyal/IdeaProjects/spring-aop-example/target/classes/org/learn/*/**/*.class]
2020-04-07 18:11:24,905 DEBUG [main] o.s.c.i.s.PathMatchingResourcePatternResolver [PathMatchingResourcePatternResolver.java:803] Searching directory [C:\Users\Priyal\IdeaProjects\spring-aop-example\target\classes\org\learn\java] for files matching pattern [C:/Users/Priyal/IdeaProjects/spring-aop-example/target/classes/org/learn/*/**/*.class]
2020-04-07 18:11:24,906 DEBUG [main] o.s.c.i.s.PathMatchingResourcePatternResolver [PathMatchingResourcePatternResolver.java:803] Searching directory [C:\Users\Priyal\IdeaProjects\spring-aop-example\target\classes\org\learn\java\aop] for files matching pattern [C:/Users/Priyal/IdeaProjects/spring-aop-example/target/classes/org/learn/*/**/*.class]
2020-04-07 18:11:24,911 DEBUG [main] o.s.c.i.s.PathMatchingResourcePatternResolver [PathMatchingResourcePatternResolver.java:510] Resolved location pattern [classpath*:org/learn/*/**/*.class] to resources [file [C:\Users\Priyal\IdeaProjects\spring-aop-example\target\classes\org\learn\java\aop\StringModifier.class], file [C:\Users\Priyal\IdeaProjects\spring-aop-example\target\classes\org\learn\java\Application.class], file [C:\Users\Priyal\IdeaProjects\spring-aop-example\target\classes\org\learn\java\OurAspect.class], file [C:\Users\Priyal\IdeaProjects\spring-aop-example\target\classes\org\learn\java\SpringConfig.class]]
2020-04-07 18:11:24,911 TRACE [main] o.s.c.a.ClassPathBeanDefinitionScanner [ClassPathScanningCandidateComponentProvider.java:283] Scanning file [C:\Users\Priyal\IdeaProjects\spring-aop-example\target\classes\org\learn\java\aop\StringModifier.class]
2020-04-07 18:11:24,939 DEBUG [main] o.s.c.a.ClassPathBeanDefinitionScanner [ClassPathScanningCandidateComponentProvider.java:294] Identified candidate component class: file [C:\Users\Priyal\IdeaProjects\spring-aop-example\target\classes\org\learn\java\aop\StringModifier.class]
2020-04-07 18:11:24,939 TRACE [main] o.s.c.a.ClassPathBeanDefinitionScanner [ClassPathScanningCandidateComponentProvider.java:283] Scanning file [C:\Users\Priyal\IdeaProjects\spring-aop-example\target\classes\org\learn\java\Application.class]
2020-04-07 18:11:24,940 TRACE [main] o.s.c.a.ClassPathBeanDefinitionScanner [ClassPathScanningCandidateComponentProvider.java:306] Ignored because not matching any filter: file [C:\Users\Priyal\IdeaProjects\spring-aop-example\target\classes\org\learn\java\Application.class]
2020-04-07 18:11:24,941 TRACE [main] o.s.c.a.ClassPathBeanDefinitionScanner [ClassPathScanningCandidateComponentProvider.java:283] Scanning file [C:\Users\Priyal\IdeaProjects\spring-aop-example\target\classes\org\learn\java\OurAspect.class]
2020-04-07 18:11:24,948 DEBUG [main] o.s.c.a.ClassPathBeanDefinitionScanner [ClassPathScanningCandidateComponentProvider.java:294] Identified candidate component class: file [C:\Users\Priyal\IdeaProjects\spring-aop-example\target\classes\org\learn\java\OurAspect.class]
2020-04-07 18:11:24,949 TRACE [main] o.s.c.a.ClassPathBeanDefinitionScanner [ClassPathScanningCandidateComponentProvider.java:283] Scanning file [C:\Users\Priyal\IdeaProjects\spring-aop-example\target\classes\org\learn\java\SpringConfig.class]
2020-04-07 18:11:24,952 TRACE [main] o.s.c.a.ClassPathBeanDefinitionScanner [ClassPathScanningCandidateComponentProvider.java:306] Ignored because not matching any filter: file [C:\Users\Priyal\IdeaProjects\spring-aop-example\target\classes\org\learn\java\SpringConfig.class]
2020-04-07 18:11:25,323 DEBUG [main] o.s.c.a.ConfigurationClassEnhancer [ConfigurationClassEnhancer.java:112] Successfully enhanced org.learn.java.SpringConfig; enhanced class name is: org.learn.java.SpringConfig$$EnhancerBySpringCGLIB$$ad92d275
2020-04-07 18:11:25,324 DEBUG [main] o.s.c.a.ConfigurationClassPostProcessor [ConfigurationClassPostProcessor.java:396] Replacing bean definition 'springConfig' existing class 'org.learn.java.SpringConfig' with enhanced class 'org.learn.java.SpringConfig$$EnhancerBySpringCGLIB$$ad92d275'
2020-04-07 18:11:25,326 DEBUG [main] o.s.b.f.s.DefaultListableBeanFactory [DefaultSingletonBeanRegistry.java:221] Creating shared instance of singleton bean 'org.springframework.context.annotation.internalAutowiredAnnotationProcessor'
2020-04-07 18:11:25,326 DEBUG [main] o.s.b.f.s.DefaultListableBeanFactory [AbstractAutowireCapableBeanFactory.java:449] Creating instance of bean 'org.springframework.context.annotation.internalAutowiredAnnotationProcessor'
2020-04-07 18:11:25,326 INFO [main] o.s.b.f.a.AutowiredAnnotationBeanPostProcessor [AutowiredAnnotationBeanPostProcessor.java:155] JSR-330 'javax.inject.Inject' annotation found and supported for autowiring
2020-04-07 18:11:25,331 DEBUG [main] o.s.b.f.s.DefaultListableBeanFactory [AbstractAutowireCapableBeanFactory.java:539] Eagerly caching bean 'org.springframework.context.annotation.internalAutowiredAnnotationProcessor' to allow for resolving potential circular references
2020-04-07 18:11:25,346 TRACE [main] o.s.c.i.s.SpringFactoriesLoader [SpringFactoriesLoader.java:89] Loaded [org.springframework.beans.BeanInfoFactory] names: [org.springframework.beans.ExtendedBeanInfoFactory]
2020-04-07 18:11:25,349 TRACE [main] o.s.b.CachedIntrospectionResults [CachedIntrospectionResults.java:265] Getting BeanInfo for class [org.springframework.beans.factory.annotation.AutowiredAnnotationBeanPostProcessor]
2020-04-07 18:11:25,368 TRACE [main] o.s.b.CachedIntrospectionResults [CachedIntrospectionResults.java:284] Caching PropertyDescriptors for class [org.springframework.beans.factory.annotation.AutowiredAnnotationBeanPostProcessor]
2020-04-07 18:11:25,368 TRACE [main] o.s.b.CachedIntrospectionResults [CachedIntrospectionResults.java:297] Found bean property 'autowiredAnnotationType' of type [java.lang.Class]
2020-04-07 18:11:25,377 TRACE [main] o.s.b.CachedIntrospectionResults [CachedIntrospectionResults.java:297] Found bean property 'autowiredAnnotationTypes' of type [java.util.Set]
2020-04-07 18:11:25,380 TRACE [main] o.s.b.CachedIntrospectionResults [CachedIntrospectionResults.java:297] Found bean property 'beanFactory' of type [org.springframework.beans.factory.BeanFactory]
2020-04-07 18:11:25,381 TRACE [main] o.s.b.CachedIntrospectionResults [CachedIntrospectionResults.java:297] Found bean property 'class' of type [java.lang.Class]
2020-04-07 18:11:25,381 TRACE [main] o.s.b.CachedIntrospectionResults [CachedIntrospectionResults.java:297] Found bean property 'order' of type [int]
2020-04-07 18:11:25,385 TRACE [main] o.s.b.CachedIntrospectionResults [CachedIntrospectionResults.java:297] Found bean property 'requiredParameterName' of type [java.lang.String]
2020-04-07 18:11:25,385 TRACE [main] o.s.b.CachedIntrospectionResults [CachedIntrospectionResults.java:297] Found bean property 'requiredParameterValue' of type [boolean]
2020-04-07 18:11:25,391 DEBUG [main] o.s.b.f.s.DefaultListableBeanFactory [AbstractAutowireCapableBeanFactory.java:485] Finished creating instance of bean 'org.springframework.context.annotation.internalAutowiredAnnotationProcessor'
2020-04-07 18:11:25,395 DEBUG [main] o.s.b.f.s.DefaultListableBeanFactory [DefaultSingletonBeanRegistry.java:221] Creating shared instance of singleton bean 'org.springframework.context.annotation.internalRequiredAnnotationProcessor'
2020-04-07 18:11:25,395 DEBUG [main] o.s.b.f.s.DefaultListableBeanFactory [AbstractAutowireCapableBeanFactory.java:449] Creating instance of bean 'org.springframework.context.annotation.internalRequiredAnnotationProcessor'
2020-04-07 18:11:25,395 DEBUG [main] o.s.b.f.s.DefaultListableBeanFactory [AbstractAutowireCapableBeanFactory.java:539] Eagerly caching bean 'org.springframework.context.annotation.internalRequiredAnnotationProcessor' to allow for resolving potential circular references
2020-04-07 18:11:25,395 TRACE [main] o.s.b.CachedIntrospectionResults [CachedIntrospectionResults.java:265] Getting BeanInfo for class [org.springframework.beans.factory.annotation.RequiredAnnotationBeanPostProcessor]
2020-04-07 18:11:25,401 TRACE [main] o.s.b.CachedIntrospectionResults [CachedIntrospectionResults.java:284] Caching PropertyDescriptors for class [org.springframework.beans.factory.annotation.RequiredAnnotationBeanPostProcessor]
2020-04-07 18:11:25,403 TRACE [main] o.s.b.CachedIntrospectionResults [CachedIntrospectionResults.java:297] Found bean property 'beanFactory' of type [org.springframework.beans.factory.BeanFactory]
2020-04-07 18:11:25,405 TRACE [main] o.s.b.CachedIntrospectionResults [CachedIntrospectionResults.java:297] Found bean property 'class' of type [java.lang.Class]
2020-04-07 18:11:25,405 TRACE [main] o.s.b.CachedIntrospectionResults [CachedIntrospectionResults.java:297] Found bean property 'order' of type [int]
2020-04-07 18:11:25,405 TRACE [main] o.s.b.CachedIntrospectionResults [CachedIntrospectionResults.java:297] Found bean property 'requiredAnnotationType' of type [java.lang.Class]
2020-04-07 18:11:25,414 DEBUG [main] o.s.b.f.s.DefaultListableBeanFactory [AbstractAutowireCapableBeanFactory.java:485] Finished creating instance of bean 'org.springframework.context.annotation.internalRequiredAnnotationProcessor'
2020-04-07 18:11:25,415 DEBUG [main] o.s.b.f.s.DefaultListableBeanFactory [DefaultSingletonBeanRegistry.java:221] Creating shared instance of singleton bean 'org.springframework.context.annotation.internalCommonAnnotationProcessor'
2020-04-07 18:11:25,415 DEBUG [main] o.s.b.f.s.DefaultListableBeanFactory [AbstractAutowireCapableBeanFactory.java:449] Creating instance of bean 'org.springframework.context.annotation.internalCommonAnnotationProcessor'
2020-04-07 18:11:25,422 DEBUG [main] o.s.b.f.s.DefaultListableBeanFactory [AbstractAutowireCapableBeanFactory.java:539] Eagerly caching bean 'org.springframework.context.annotation.internalCommonAnnotationProcessor' to allow for resolving potential circular references
2020-04-07 18:11:25,422 TRACE [main] o.s.b.CachedIntrospectionResults [CachedIntrospectionResults.java:265] Getting BeanInfo for class [org.springframework.context.annotation.CommonAnnotationBeanPostProcessor]
2020-04-07 18:11:25,433 TRACE [main] o.s.b.CachedIntrospectionResults [CachedIntrospectionResults.java:284] Caching PropertyDescriptors for class [org.springframework.context.annotation.CommonAnnotationBeanPostProcessor]
2020-04-07 18:11:25,433 TRACE [main] o.s.b.CachedIntrospectionResults [CachedIntrospectionResults.java:297] Found bean property 'alwaysUseJndiLookup' of type [boolean]
2020-04-07 18:11:25,433 TRACE [main] o.s.b.CachedIntrospectionResults [CachedIntrospectionResults.java:297] Found bean property 'beanFactory' of type [org.springframework.beans.factory.BeanFactory]
2020-04-07 18:11:25,433 TRACE [main] o.s.b.CachedIntrospectionResults [CachedIntrospectionResults.java:297] Found bean property 'class' of type [java.lang.Class]
2020-04-07 18:11:25,436 TRACE [main] o.s.b.CachedIntrospectionResults [CachedIntrospectionResults.java:297] Found bean property 'destroyAnnotationType' of type [java.lang.Class]
2020-04-07 18:11:25,437 TRACE [main] o.s.b.CachedIntrospectionResults [CachedIntrospectionResults.java:297] Found bean property 'fallbackToDefaultTypeMatch' of type [boolean]
2020-04-07 18:11:25,438 TRACE [main] o.s.b.CachedIntrospectionResults [CachedIntrospectionResults.java:297] Found bean property 'initAnnotationType' of type [java.lang.Class]
2020-04-07 18:11:25,439 TRACE [main] o.s.b.CachedIntrospectionResults [CachedIntrospectionResults.java:297] Found bean property 'jndiFactory' of type [org.springframework.beans.factory.BeanFactory]
2020-04-07 18:11:25,440 TRACE [main] o.s.b.CachedIntrospectionResults [CachedIntrospectionResults.java:297] Found bean property 'order' of type [int]
2020-04-07 18:11:25,440 TRACE [main] o.s.b.CachedIntrospectionResults [CachedIntrospectionResults.java:297] Found bean property 'resourceFactory' of type [org.springframework.beans.factory.BeanFactory]
2020-04-07 18:11:25,445 DEBUG [main] o.s.b.f.s.DefaultListableBeanFactory [AbstractAutowireCapableBeanFactory.java:485] Finished creating instance of bean 'org.springframework.context.annotation.internalCommonAnnotationProcessor'
2020-04-07 18:11:25,445 DEBUG [main] o.s.b.f.s.DefaultListableBeanFactory [DefaultSingletonBeanRegistry.java:221] Creating shared instance of singleton bean 'org.springframework.aop.config.internalAutoProxyCreator'
2020-04-07 18:11:25,445 DEBUG [main] o.s.b.f.s.DefaultListableBeanFactory [AbstractAutowireCapableBeanFactory.java:449] Creating instance of bean 'org.springframework.aop.config.internalAutoProxyCreator'
2020-04-07 18:11:25,473 DEBUG [main] o.s.b.f.s.DefaultListableBeanFactory [AbstractAutowireCapableBeanFactory.java:539] Eagerly caching bean 'org.springframework.aop.config.internalAutoProxyCreator' to allow for resolving potential circular references
2020-04-07 18:11:25,473 TRACE [main] o.s.b.CachedIntrospectionResults [CachedIntrospectionResults.java:265] Getting BeanInfo for class [org.springframework.aop.aspectj.annotation.AnnotationAwareAspectJAutoProxyCreator]
2020-04-07 18:11:25,489 TRACE [main] o.s.b.CachedIntrospectionResults [CachedIntrospectionResults.java:284] Caching PropertyDescriptors for class [org.springframework.aop.aspectj.annotation.AnnotationAwareAspectJAutoProxyCreator]
2020-04-07 18:11:25,489 TRACE [main] o.s.b.CachedIntrospectionResults [CachedIntrospectionResults.java:297] Found bean property 'advisorAdapterRegistry' of type [org.springframework.aop.framework.adapter.AdvisorAdapterRegistry]
2020-04-07 18:11:25,493 TRACE [main] o.s.b.CachedIntrospectionResults [CachedIntrospectionResults.java:297] Found bean property 'applyCommonInterceptorsFirst' of type [boolean]
2020-04-07 18:11:25,494 TRACE [main] o.s.b.CachedIntrospectionResults [CachedIntrospectionResults.java:297] Found bean property 'aspectJAdvisorFactory' of type [org.springframework.aop.aspectj.annotation.AspectJAdvisorFactory]
2020-04-07 18:11:25,494 TRACE [main] o.s.b.CachedIntrospectionResults [CachedIntrospectionResults.java:297] Found bean property 'beanClassLoader' of type [java.lang.ClassLoader]
2020-04-07 18:11:25,495 TRACE [main] o.s.b.CachedIntrospectionResults [CachedIntrospectionResults.java:297] Found bean property 'beanFactory' of type [org.springframework.beans.factory.BeanFactory]
2020-04-07 18:11:25,495 TRACE [main] o.s.b.CachedIntrospectionResults [CachedIntrospectionResults.java:297] Found bean property 'class' of type [java.lang.Class]
2020-04-07 18:11:25,495 TRACE [main] o.s.b.CachedIntrospectionResults [CachedIntrospectionResults.java:297] Found bean property 'customTargetSourceCreators' of type [[Lorg.springframework.aop.framework.autoproxy.TargetSourceCreator;]
2020-04-07 18:11:25,496 TRACE [main] o.s.b.CachedIntrospectionResults [CachedIntrospectionResults.java:297] Found bean property 'exposeProxy' of type [boolean]
2020-04-07 18:11:25,496 TRACE [main] o.s.b.CachedIntrospectionResults [CachedIntrospectionResults.java:297] Found bean property 'frozen' of type [boolean]
2020-04-07 18:11:25,497 TRACE [main] o.s.b.CachedIntrospectionResults [CachedIntrospectionResults.java:297] Found bean property 'includePatterns' of type [java.util.List]
2020-04-07 18:11:25,497 TRACE [main] o.s.b.CachedIntrospectionResults [CachedIntrospectionResults.java:297] Found bean property 'interceptorNames' of type [[Ljava.lang.String;]
2020-04-07 18:11:25,497 TRACE [main] o.s.b.CachedIntrospectionResults [CachedIntrospectionResults.java:297] Found bean property 'opaque' of type [boolean]
2020-04-07 18:11:25,498 TRACE [main] o.s.b.CachedIntrospectionResults [CachedIntrospectionResults.java:297] Found bean property 'optimize' of type [boolean]
2020-04-07 18:11:25,498 TRACE [main] o.s.b.CachedIntrospectionResults [CachedIntrospectionResults.java:297] Found bean property 'order' of type [int]
2020-04-07 18:11:25,498 TRACE [main] o.s.b.CachedIntrospectionResults [CachedIntrospectionResults.java:297] Found bean property 'proxyClassLoader' of type [java.lang.ClassLoader]
2020-04-07 18:11:25,498 TRACE [main] o.s.b.CachedIntrospectionResults [CachedIntrospectionResults.java:297] Found bean property 'proxyTargetClass' of type [boolean]
2020-04-07 18:11:25,530 DEBUG [main] o.s.b.f.s.DefaultListableBeanFactory [AbstractAutowireCapableBeanFactory.java:485] Finished creating instance of bean 'org.springframework.aop.config.internalAutoProxyCreator'
2020-04-07 18:11:25,549 DEBUG [main] o.s.c.a.AnnotationConfigApplicationContext [AbstractApplicationContext.java:734] Unable to locate MessageSource with name 'messageSource': using default [org.springframework.context.support.DelegatingMessageSource@9353778]
2020-04-07 18:11:25,551 DEBUG [main] o.s.c.a.AnnotationConfigApplicationContext [AbstractApplicationContext.java:758] Unable to locate ApplicationEventMulticaster with name 'applicationEventMulticaster': using default [org.springframework.context.event.SimpleApplicationEventMulticaster@5c30a9b0]
2020-04-07 18:11:25,551 DEBUG [main] o.s.b.f.s.DefaultListableBeanFactory [DefaultListableBeanFactory.java:730] Pre-instantiating singletons in org.springframework.beans.factory.support.DefaultListableBeanFactory@50b494a6: defining beans [org.springframework.context.annotation.internalConfigurationAnnotationProcessor,org.springframework.context.annotation.internalAutowiredAnnotationProcessor,org.springframework.context.annotation.internalRequiredAnnotationProcessor,org.springframework.context.annotation.internalCommonAnnotationProcessor,org.springframework.context.event.internalEventListenerProcessor,org.springframework.context.event.internalEventListenerFactory,springConfig,stringModifier,ourAspect,org.springframework.aop.config.internalAutoProxyCreator]; root of factory hierarchy
2020-04-07 18:11:25,551 DEBUG [main] o.s.b.f.s.DefaultListableBeanFactory [AbstractBeanFactory.java:251] Returning cached instance of singleton bean 'org.springframework.context.annotation.internalConfigurationAnnotationProcessor'
2020-04-07 18:11:25,555 DEBUG [main] o.s.b.f.s.DefaultListableBeanFactory [AbstractBeanFactory.java:251] Returning cached instance of singleton bean 'org.springframework.context.annotation.internalAutowiredAnnotationProcessor'
2020-04-07 18:11:25,555 DEBUG [main] o.s.b.f.s.DefaultListableBeanFactory [AbstractBeanFactory.java:251] Returning cached instance of singleton bean 'org.springframework.context.annotation.internalRequiredAnnotationProcessor'
2020-04-07 18:11:25,555 DEBUG [main] o.s.b.f.s.DefaultListableBeanFactory [AbstractBeanFactory.java:251] Returning cached instance of singleton bean 'org.springframework.context.annotation.internalCommonAnnotationProcessor'
2020-04-07 18:11:25,558 DEBUG [main] o.s.b.f.s.DefaultListableBeanFactory [DefaultSingletonBeanRegistry.java:221] Creating shared instance of singleton bean 'org.springframework.context.event.internalEventListenerProcessor'
2020-04-07 18:11:25,558 DEBUG [main] o.s.b.f.s.DefaultListableBeanFactory [AbstractAutowireCapableBeanFactory.java:449] Creating instance of bean 'org.springframework.context.event.internalEventListenerProcessor'
2020-04-07 18:11:25,620 DEBUG [main] o.s.a.a.a.ReflectiveAspectJAdvisorFactory [ReflectiveAspectJAdvisorFactory.java:250] Found AspectJ method: public java.lang.String org.learn.java.OurAspect.logEventAround(org.aspectj.lang.ProceedingJoinPoint) throws java.lang.Throwable
2020-04-07 18:11:25,627 DEBUG [main] o.s.b.f.s.DefaultListableBeanFactory [AbstractAutowireCapableBeanFactory.java:539] Eagerly caching bean 'org.springframework.context.event.internalEventListenerProcessor' to allow for resolving potential circular references
2020-04-07 18:11:25,628 TRACE [main] o.s.b.CachedIntrospectionResults [CachedIntrospectionResults.java:265] Getting BeanInfo for class [org.springframework.context.event.EventListenerMethodProcessor]
2020-04-07 18:11:25,630 TRACE [main] o.s.b.CachedIntrospectionResults [CachedIntrospectionResults.java:284] Caching PropertyDescriptors for class [org.springframework.context.event.EventListenerMethodProcessor]
2020-04-07 18:11:25,630 TRACE [main] o.s.b.CachedIntrospectionResults [CachedIntrospectionResults.java:297] Found bean property 'applicationContext' of type [org.springframework.context.ApplicationContext]
2020-04-07 18:11:25,631 TRACE [main] o.s.b.CachedIntrospectionResults [CachedIntrospectionResults.java:297] Found bean property 'class' of type [java.lang.Class]
2020-04-07 18:11:25,873 DEBUG [main] o.s.b.f.s.DefaultListableBeanFactory [AbstractAutowireCapableBeanFactory.java:485] Finished creating instance of bean 'org.springframework.context.event.internalEventListenerProcessor'
2020-04-07 18:11:25,873 DEBUG [main] o.s.b.f.s.DefaultListableBeanFactory [DefaultSingletonBeanRegistry.java:221] Creating shared instance of singleton bean 'org.springframework.context.event.internalEventListenerFactory'
2020-04-07 18:11:25,873 DEBUG [main] o.s.b.f.s.DefaultListableBeanFactory [AbstractAutowireCapableBeanFactory.java:449] Creating instance of bean 'org.springframework.context.event.internalEventListenerFactory'
2020-04-07 18:11:25,873 DEBUG [main] o.s.b.f.s.DefaultListableBeanFactory [AbstractAutowireCapableBeanFactory.java:539] Eagerly caching bean 'org.springframework.context.event.internalEventListenerFactory' to allow for resolving potential circular references
2020-04-07 18:11:25,873 TRACE [main] o.s.b.CachedIntrospectionResults [CachedIntrospectionResults.java:265] Getting BeanInfo for class [org.springframework.context.event.DefaultEventListenerFactory]
2020-04-07 18:11:25,877 TRACE [main] o.s.b.CachedIntrospectionResults [CachedIntrospectionResults.java:284] Caching PropertyDescriptors for class [org.springframework.context.event.DefaultEventListenerFactory]
2020-04-07 18:11:25,878 TRACE [main] o.s.b.CachedIntrospectionResults [CachedIntrospectionResults.java:297] Found bean property 'class' of type [java.lang.Class]
2020-04-07 18:11:25,878 TRACE [main] o.s.b.CachedIntrospectionResults [CachedIntrospectionResults.java:297] Found bean property 'order' of type [int]
2020-04-07 18:11:25,894 DEBUG [main] o.s.b.f.s.DefaultListableBeanFactory [AbstractAutowireCapableBeanFactory.java:485] Finished creating instance of bean 'org.springframework.context.event.internalEventListenerFactory'
2020-04-07 18:11:25,894 DEBUG [main] o.s.b.f.s.DefaultListableBeanFactory [DefaultSingletonBeanRegistry.java:221] Creating shared instance of singleton bean 'springConfig'
2020-04-07 18:11:25,894 DEBUG [main] o.s.b.f.s.DefaultListableBeanFactory [AbstractAutowireCapableBeanFactory.java:449] Creating instance of bean 'springConfig'
2020-04-07 18:11:25,894 DEBUG [main] o.s.b.f.s.DefaultListableBeanFactory [AbstractAutowireCapableBeanFactory.java:539] Eagerly caching bean 'springConfig' to allow for resolving potential circular references
2020-04-07 18:11:25,894 TRACE [main] o.s.b.CachedIntrospectionResults [CachedIntrospectionResults.java:265] Getting BeanInfo for class [org.learn.java.SpringConfig$$EnhancerBySpringCGLIB$$ad92d275]
2020-04-07 18:11:25,898 TRACE [main] o.s.b.CachedIntrospectionResults [CachedIntrospectionResults.java:284] Caching PropertyDescriptors for class [org.learn.java.SpringConfig$$EnhancerBySpringCGLIB$$ad92d275]
2020-04-07 18:11:25,898 TRACE [main] o.s.b.CachedIntrospectionResults [CachedIntrospectionResults.java:297] Found bean property 'beanFactory' of type [org.springframework.beans.factory.BeanFactory]
2020-04-07 18:11:25,898 TRACE [main] o.s.b.CachedIntrospectionResults [CachedIntrospectionResults.java:297] Found bean property 'class' of type [java.lang.Class]
2020-04-07 18:11:25,906 DEBUG [main] o.s.b.f.s.DefaultListableBeanFactory [AbstractAutowireCapableBeanFactory.java:485] Finished creating instance of bean 'springConfig'
2020-04-07 18:11:25,906 DEBUG [main] o.s.b.f.s.DefaultListableBeanFactory [DefaultSingletonBeanRegistry.java:221] Creating shared instance of singleton bean 'stringModifier'
2020-04-07 18:11:25,906 DEBUG [main] o.s.b.f.s.DefaultListableBeanFactory [AbstractAutowireCapableBeanFactory.java:449] Creating instance of bean 'stringModifier'
2020-04-07 18:11:25,906 DEBUG [main] o.s.b.f.s.DefaultListableBeanFactory [AbstractAutowireCapableBeanFactory.java:539] Eagerly caching bean 'stringModifier' to allow for resolving potential circular references
2020-04-07 18:11:25,906 TRACE [main] o.s.b.CachedIntrospectionResults [CachedIntrospectionResults.java:265] Getting BeanInfo for class [org.learn.java.aop.StringModifier]
2020-04-07 18:11:25,910 TRACE [main] o.s.b.CachedIntrospectionResults [CachedIntrospectionResults.java:284] Caching PropertyDescriptors for class [org.learn.java.aop.StringModifier]
2020-04-07 18:11:25,910 TRACE [main] o.s.b.CachedIntrospectionResults [CachedIntrospectionResults.java:297] Found bean property 'class' of type [java.lang.Class]
2020-04-07 18:11:25,928 DEBUG [main] o.s.a.a.a.AnnotationAwareAspectJAutoProxyCreator [AbstractAutoProxyCreator.java:524] Creating implicit proxy for bean 'stringModifier' with 0 common interceptors and 2 specific interceptors
2020-04-07 18:11:25,931 DEBUG [main] o.s.a.f.CglibAopProxy [CglibAopProxy.java:157] Creating CGLIB proxy: target source is SingletonTargetSource for target object [org.learn.java.aop.StringModifier@776b83cc]
2020-04-07 18:11:25,941 DEBUG [main] o.s.a.f.CglibAopProxy [CglibAopProxy.java:849] Unable to apply any optimizations to advised method: public java.lang.String org.learn.java.aop.StringModifier.replaceAllA(java.lang.String)
2020-04-07 18:11:25,942 DEBUG [main] o.s.a.f.CglibAopProxy [CglibAopProxy.java:813] Found 'equals' method: public boolean java.lang.Object.equals(java.lang.Object)
2020-04-07 18:11:25,942 DEBUG [main] o.s.a.f.CglibAopProxy [CglibAopProxy.java:849] Unable to apply any optimizations to advised method: public java.lang.String java.lang.Object.toString()
2020-04-07 18:11:25,943 DEBUG [main] o.s.a.f.CglibAopProxy [CglibAopProxy.java:818] Found 'hashCode' method: public native int java.lang.Object.hashCode()
2020-04-07 18:11:25,944 DEBUG [main] o.s.a.f.CglibAopProxy [CglibAopProxy.java:849] Unable to apply any optimizations to advised method: protected native java.lang.Object java.lang.Object.clone() throws java.lang.CloneNotSupportedException
2020-04-07 18:11:25,944 DEBUG [main] o.s.a.f.CglibAopProxy [CglibAopProxy.java:807] Method is declared on Advised interface: public abstract int org.springframework.aop.framework.Advised.indexOf(org.springframework.aop.Advisor)
2020-04-07 18:11:25,944 DEBUG [main] o.s.a.f.CglibAopProxy [CglibAopProxy.java:807] Method is declared on Advised interface: public abstract int org.springframework.aop.framework.Advised.indexOf(org.aopalliance.aop.Advice)
2020-04-07 18:11:25,945 DEBUG [main] o.s.a.f.CglibAopProxy [CglibAopProxy.java:807] Method is declared on Advised interface: public abstract boolean org.springframework.aop.framework.Advised.isFrozen()
2020-04-07 18:11:25,945 DEBUG [main] o.s.a.f.CglibAopProxy [CglibAopProxy.java:807] Method is declared on Advised interface: public abstract void org.springframework.aop.framework.Advised.setTargetSource(org.springframework.aop.TargetSource)
2020-04-07 18:11:25,946 DEBUG [main] o.s.a.f.CglibAopProxy [CglibAopProxy.java:807] Method is declared on Advised interface: public abstract void org.springframework.aop.framework.Advised.setPreFiltered(boolean)
2020-04-07 18:11:25,946 DEBUG [main] o.s.a.f.CglibAopProxy [CglibAopProxy.java:807] Method is declared on Advised interface: public abstract org.springframework.aop.TargetSource org.springframework.aop.framework.Advised.getTargetSource()
2020-04-07 18:11:25,946 DEBUG [main] o.s.a.f.CglibAopProxy [CglibAopProxy.java:807] Method is declared on Advised interface: public abstract void org.springframework.aop.framework.Advised.setExposeProxy(boolean)
2020-04-07 18:11:25,946 DEBUG [main] o.s.a.f.CglibAopProxy [CglibAopProxy.java:807] Method is declared on Advised interface: public abstract boolean org.springframework.aop.framework.Advised.isExposeProxy()
2020-04-07 18:11:25,947 DEBUG [main] o.s.a.f.CglibAopProxy [CglibAopProxy.java:807] Method is declared on Advised interface: public abstract org.springframework.aop.Advisor[] org.springframework.aop.framework.Advised.getAdvisors()
2020-04-07 18:11:25,947 DEBUG [main] o.s.a.f.CglibAopProxy [CglibAopProxy.java:807] Method is declared on Advised interface: public abstract java.lang.Class[] org.springframework.aop.framework.Advised.getProxiedInterfaces()
2020-04-07 18:11:25,947 DEBUG [main] o.s.a.f.CglibAopProxy [CglibAopProxy.java:807] Method is declared on Advised interface: public abstract boolean org.springframework.aop.framework.Advised.isInterfaceProxied(java.lang.Class)
2020-04-07 18:11:25,948 DEBUG [main] o.s.a.f.CglibAopProxy [CglibAopProxy.java:807] Method is declared on Advised interface: public abstract boolean org.springframework.aop.framework.Advised.isProxyTargetClass()
2020-04-07 18:11:25,948 DEBUG [main] o.s.a.f.CglibAopProxy [CglibAopProxy.java:807] Method is declared on Advised interface: public abstract java.lang.String org.springframework.aop.framework.Advised.toProxyConfigString()
2020-04-07 18:11:25,948 DEBUG [main] o.s.a.f.CglibAopProxy [CglibAopProxy.java:807] Method is declared on Advised interface: public abstract void org.springframework.aop.framework.Advised.addAdvice(int,org.aopalliance.aop.Advice) throws org.springframework.aop.framework.AopConfigException
2020-04-07 18:11:25,948 DEBUG [main] o.s.a.f.CglibAopProxy [CglibAopProxy.java:807] Method is declared on Advised interface: public abstract void org.springframework.aop.framework.Advised.addAdvice(org.aopalliance.aop.Advice) throws org.springframework.aop.framework.AopConfigException
2020-04-07 18:11:25,950 DEBUG [main] o.s.a.f.CglibAopProxy [CglibAopProxy.java:807] Method is declared on Advised interface: public abstract void org.springframework.aop.framework.Advised.addAdvisor(org.springframework.aop.Advisor) throws org.springframework.aop.framework.AopConfigException
2020-04-07 18:11:25,950 DEBUG [main] o.s.a.f.CglibAopProxy [CglibAopProxy.java:807] Method is declared on Advised interface: public abstract void org.springframework.aop.framework.Advised.addAdvisor(int,org.springframework.aop.Advisor) throws org.springframework.aop.framework.AopConfigException
2020-04-07 18:11:25,951 DEBUG [main] o.s.a.f.CglibAopProxy [CglibAopProxy.java:807] Method is declared on Advised interface: public abstract boolean org.springframework.aop.framework.Advised.removeAdvisor(org.springframework.aop.Advisor)
2020-04-07 18:11:25,952 DEBUG [main] o.s.a.f.CglibAopProxy [CglibAopProxy.java:807] Method is declared on Advised interface: public abstract void org.springframework.aop.framework.Advised.removeAdvisor(int) throws org.springframework.aop.framework.AopConfigException
2020-04-07 18:11:25,952 DEBUG [main] o.s.a.f.CglibAopProxy [CglibAopProxy.java:807] Method is declared on Advised interface: public abstract boolean org.springframework.aop.framework.Advised.isPreFiltered()
2020-04-07 18:11:25,952 DEBUG [main] o.s.a.f.CglibAopProxy [CglibAopProxy.java:807] Method is declared on Advised interface: public abstract boolean org.springframework.aop.framework.Advised.removeAdvice(org.aopalliance.aop.Advice)
2020-04-07 18:11:25,953 DEBUG [main] o.s.a.f.CglibAopProxy [CglibAopProxy.java:807] Method is declared on Advised interface: public abstract boolean org.springframework.aop.framework.Advised.replaceAdvisor(org.springframework.aop.Advisor,org.springframework.aop.Advisor) throws org.springframework.aop.framework.AopConfigException
2020-04-07 18:11:25,953 DEBUG [main] o.s.a.f.CglibAopProxy [CglibAopProxy.java:807] Method is declared on Advised interface: public abstract java.lang.Class org.springframework.aop.TargetClassAware.getTargetClass()
2020-04-07 18:11:25,978 DEBUG [main] o.s.b.f.s.DefaultListableBeanFactory [AbstractAutowireCapableBeanFactory.java:485] Finished creating instance of bean 'stringModifier'
2020-04-07 18:11:25,982 DEBUG [main] o.s.b.f.s.DefaultListableBeanFactory [DefaultSingletonBeanRegistry.java:221] Creating shared instance of singleton bean 'ourAspect'
2020-04-07 18:11:25,982 DEBUG [main] o.s.b.f.s.DefaultListableBeanFactory [AbstractAutowireCapableBeanFactory.java:449] Creating instance of bean 'ourAspect'
2020-04-07 18:11:25,982 DEBUG [main] o.s.b.f.s.DefaultListableBeanFactory [AbstractAutowireCapableBeanFactory.java:539] Eagerly caching bean 'ourAspect' to allow for resolving potential circular references
2020-04-07 18:11:25,982 TRACE [main] o.s.b.CachedIntrospectionResults [CachedIntrospectionResults.java:265] Getting BeanInfo for class [org.learn.java.OurAspect]
2020-04-07 18:11:25,982 TRACE [main] o.s.b.CachedIntrospectionResults [CachedIntrospectionResults.java:284] Caching PropertyDescriptors for class [org.learn.java.OurAspect]
2020-04-07 18:11:25,982 TRACE [main] o.s.b.CachedIntrospectionResults [CachedIntrospectionResults.java:297] Found bean property 'class' of type [java.lang.Class]
2020-04-07 18:11:25,982 DEBUG [main] o.s.b.f.s.DefaultListableBeanFactory [AbstractAutowireCapableBeanFactory.java:485] Finished creating instance of bean 'ourAspect'
2020-04-07 18:11:25,982 DEBUG [main] o.s.b.f.s.DefaultListableBeanFactory [AbstractBeanFactory.java:251] Returning cached instance of singleton bean 'org.springframework.aop.config.internalAutoProxyCreator'
2020-04-07 18:11:25,986 DEBUG [main] o.s.b.f.s.DefaultListableBeanFactory [AbstractBeanFactory.java:251] Returning cached instance of singleton bean 'org.springframework.context.event.internalEventListenerFactory'
2020-04-07 18:11:25,991 TRACE [main] o.s.c.e.EventListenerMethodProcessor [EventListenerMethodProcessor.java:147] No @EventListener annotations found on bean class: org.springframework.context.annotation.ConfigurationClassPostProcessor
2020-04-07 18:11:25,992 TRACE [main] o.s.c.e.EventListenerMethodProcessor [EventListenerMethodProcessor.java:147] No @EventListener annotations found on bean class: org.springframework.beans.factory.annotation.AutowiredAnnotationBeanPostProcessor
2020-04-07 18:11:25,995 TRACE [main] o.s.c.e.EventListenerMethodProcessor [EventListenerMethodProcessor.java:147] No @EventListener annotations found on bean class: org.springframework.beans.factory.annotation.RequiredAnnotationBeanPostProcessor
2020-04-07 18:11:25,997 TRACE [main] o.s.c.e.EventListenerMethodProcessor [EventListenerMethodProcessor.java:147] No @EventListener annotations found on bean class: org.springframework.context.annotation.CommonAnnotationBeanPostProcessor
2020-04-07 18:11:25,998 TRACE [main] o.s.c.e.EventListenerMethodProcessor [EventListenerMethodProcessor.java:147] No @EventListener annotations found on bean class: org.springframework.context.event.EventListenerMethodProcessor
2020-04-07 18:11:25,998 TRACE [main] o.s.c.e.EventListenerMethodProcessor [EventListenerMethodProcessor.java:147] No @EventListener annotations found on bean class: org.springframework.context.event.DefaultEventListenerFactory
2020-04-07 18:11:25,998 TRACE [main] o.s.c.e.EventListenerMethodProcessor [EventListenerMethodProcessor.java:147] No @EventListener annotations found on bean class: org.learn.java.SpringConfig$$EnhancerBySpringCGLIB$$ad92d275
2020-04-07 18:11:25,998 TRACE [main] o.s.c.e.EventListenerMethodProcessor [EventListenerMethodProcessor.java:147] No @EventListener annotations found on bean class: org.learn.java.aop.StringModifier
2020-04-07 18:11:26,000 TRACE [main] o.s.c.e.EventListenerMethodProcessor [EventListenerMethodProcessor.java:147] No @EventListener annotations found on bean class: org.learn.java.OurAspect
2020-04-07 18:11:26,001 TRACE [main] o.s.c.e.EventListenerMethodProcessor [EventListenerMethodProcessor.java:147] No @EventListener annotations found on bean class: org.springframework.aop.aspectj.annotation.AnnotationAwareAspectJAutoProxyCreator
2020-04-07 18:11:26,027 TRACE [main] o.s.c.e.EventListenerMethodProcessor [EventListenerMethodProcessor.java:147] No @EventListener annotations found on bean class: org.springframework.core.env.StandardEnvironment
2020-04-07 18:11:26,028 TRACE [main] o.s.c.e.EventListenerMethodProcessor [EventListenerMethodProcessor.java:147] No @EventListener annotations found on bean class: java.util.Properties
2020-04-07 18:11:26,033 TRACE [main] o.s.c.e.EventListenerMethodProcessor [EventListenerMethodProcessor.java:147] No @EventListener annotations found on bean class: java.util.Collections$UnmodifiableMap
2020-04-07 18:11:26,036 TRACE [main] o.s.c.e.EventListenerMethodProcessor [EventListenerMethodProcessor.java:147] No @EventListener annotations found on bean class: org.springframework.context.annotation.ConfigurationClassParser$ImportStack
2020-04-07 18:11:26,036 TRACE [main] o.s.c.e.EventListenerMethodProcessor [EventListenerMethodProcessor.java:147] No @EventListener annotations found on bean class: org.springframework.context.support.DelegatingMessageSource
2020-04-07 18:11:26,036 TRACE [main] o.s.c.e.EventListenerMethodProcessor [EventListenerMethodProcessor.java:147] No @EventListener annotations found on bean class: org.springframework.context.event.SimpleApplicationEventMulticaster
2020-04-07 18:11:26,040 DEBUG [main] o.s.c.a.AnnotationConfigApplicationContext [AbstractApplicationContext.java:785] Unable to locate LifecycleProcessor with name 'lifecycleProcessor': using default [org.springframework.context.support.DefaultLifecycleProcessor@223aa2f7]
2020-04-07 18:11:26,040 DEBUG [main] o.s.b.f.s.DefaultListableBeanFactory [AbstractBeanFactory.java:251] Returning cached instance of singleton bean 'lifecycleProcessor'
2020-04-07 18:11:26,040 TRACE [main] o.s.c.a.AnnotationConfigApplicationContext [AbstractApplicationContext.java:373] Publishing event in org.springframework.context.annotation.AnnotationConfigApplicationContext@35bbe5e8: org.springframework.context.event.ContextRefreshedEvent[source=org.springframework.context.annotation.AnnotationConfigApplicationContext@35bbe5e8: startup date [Tue Apr 07 18:11:24 EDT 2020]; root of context hierarchy]
2020-04-07 18:11:26,045 TRACE [main] o.s.c.e.PropertySourcesPropertyResolver [PropertySourcesPropertyResolver.java:78] Searching for key 'spring.liveBeansView.mbeanDomain' in PropertySource 'systemProperties'
2020-04-07 18:11:26,045 TRACE [main] o.s.c.e.PropertySourcesPropertyResolver [PropertySourcesPropertyResolver.java:78] Searching for key 'spring.liveBeansView.mbeanDomain' in PropertySource 'systemEnvironment'
2020-04-07 18:11:26,045 DEBUG [main] o.s.c.e.PropertySourcesPropertyResolver [PropertySourcesPropertyResolver.java:92] Could not find key 'spring.liveBeansView.mbeanDomain' in any property source
2020-04-07 18:11:26,049 DEBUG [main] o.s.b.f.s.DefaultListableBeanFactory [AbstractBeanFactory.java:251] Returning cached instance of singleton bean 'stringModifier'
2020-04-07 18:11:26,054 DEBUG [main] o.s.b.f.s.DefaultListableBeanFactory [AbstractBeanFactory.java:251] Returning cached instance of singleton bean 'ourAspect'
2020-04-07 18:11:26,054 INFO [main] o.l.j.OurAspect [OurAspect.java:33] Reached to the join point
2020-04-07 18:11:26,073 INFO [main] o.l.j.a.StringModifier [StringModifier.java:15] Given String is being Replaced
2020-04-07 18:11:26,073 DEBUG [main] o.l.j.Application [Application.java:20] debug message from main:What a powerful tool is AOP
2020-04-07 18:11:26,077 INFO [main] o.s.c.a.AnnotationConfigApplicationContext [AbstractApplicationContext.java:984] Closing org.springframework.context.annotation.AnnotationConfigApplicationContext@35bbe5e8: startup date [Tue Apr 07 18:11:24 EDT 2020]; root of context hierarchy
2020-04-07 18:11:26,077 TRACE [main] o.s.c.a.AnnotationConfigApplicationContext [AbstractApplicationContext.java:373] Publishing event in org.springframework.context.annotation.AnnotationConfigApplicationContext@35bbe5e8: org.springframework.context.event.ContextClosedEvent[source=org.springframework.context.annotation.AnnotationConfigApplicationContext@35bbe5e8: startup date [Tue Apr 07 18:11:24 EDT 2020]; root of context hierarchy]
2020-04-07 18:11:26,081 DEBUG [main] o.s.b.f.s.DefaultListableBeanFactory [AbstractBeanFactory.java:251] Returning cached instance of singleton bean 'lifecycleProcessor'
2020-04-07 18:11:26,081 DEBUG [main] o.s.b.f.s.DefaultListableBeanFactory [DefaultSingletonBeanRegistry.java:505] Destroying singletons in org.springframework.beans.factory.support.DefaultListableBeanFactory@50b494a6: defining beans [org.springframework.context.annotation.internalConfigurationAnnotationProcessor,org.springframework.context.annotation.internalAutowiredAnnotationProcessor,org.springframework.context.annotation.internalRequiredAnnotationProcessor,org.springframework.context.annotation.internalCommonAnnotationProcessor,org.springframework.context.event.internalEventListenerProcessor,org.springframework.context.event.internalEventListenerFactory,springConfig,stringModifier,ourAspect,org.springframework.aop.config.internalAutoProxyCreator]; root of factory hierarchy
